# JRE version: Java(TM) SE Runtime Environment (7.0_79-b15) (build 1.7.0_79-b15)
# Java VM: Java HotSpot(TM) Client VM (24.79-b02 mixed mode windows-x86 )
Heap
 def new generation   total 43456K, used 24130K [0x03a00000, 0x06920000, 0x18f50000)
  eden space 38656K,  62% used [0x03a00000, 0x05190b68, 0x05fc0000)
  from space 4800K,   0% used [0x06470000, 0x06470000, 0x06920000)
  to   space 4800K,   0% used [0x05fc0000, 0x05fc0000, 0x06470000)
 tenured generation   total 96332K, used 38421K [0x18f50000, 0x1ed63000, 0x43a00000)
   the space 96332K,  39% used [0x18f50000, 0x1b4d54a0, 0x1b4d5600, 0x1ed63000)
 compacting perm gen  total 32768K, used 32673K [0x43a00000, 0x45a00000, 0x53a00000)
   the space 32768K,  99% used [0x43a00000, 0x459e8508, 0x459e8600, 0x45a00000)
GC Heap History (10 events):
Event: 6288.187 GC heap before
{Heap before GC invocations=194 (full 16):
 def new generation   total 43456K, used 39410K [0x03a00000, 0x06920000, 0x18f50000)
  eden space 38656K, 100% used [0x03a00000, 0x05fc0000, 0x05fc0000)
  from space 4800K,  15% used [0x06470000, 0x0652caf0, 0x06920000)
  to   space 4800K,   0% used [0x05fc0000, 0x05fc0000, 0x06470000)
 tenured generation   total 96332K, used 57961K [0x18f50000, 0x1ed63000, 0x43a00000)
   the space 96332K,  60% used [0x18f50000, 0x1c7ea410, 0x1c7ea600, 0x1ed63000)
 compacting perm gen  total 32512K, used 32496K [0x43a00000, 0x459c0000, 0x53a00000)
   the space 32512K,  99% used [0x43a00000, 0x459bc3f8, 0x459bc400, 0x459c0000)
No shared spaces configured.
Event: 6288.192 GC heap after
Heap after GC invocations=195 (full 16):
 def new generation   total 43456K, used 1497K [0x03a00000, 0x06920000, 0x18f50000)
  eden space 38656K,   0% used [0x03a00000, 0x03a00000, 0x05fc0000)
  from space 4800K,  31% used [0x05fc0000, 0x06136780, 0x06470000)
  to   space 4800K,   0% used [0x06470000, 0x06470000, 0x06920000)
 tenured generation   total 96332K, used 57961K [0x18f50000, 0x1ed63000, 0x43a00000)
   the space 96332K,  60% used [0x18f50000, 0x1c7ea410, 0x1c7ea600, 0x1ed63000)
 compacting perm gen  total 32512K, used 32496K [0x43a00000, 0x459c0000, 0x53a00000)
   the space 32512K,  99% used [0x43a00000, 0x459bc3f8, 0x459bc400, 0x459c0000)
No shared spaces configured.
}
Event: 6288.750 GC heap before
{Heap before GC invocations=195 (full 16):
 def new generation   total 43456K, used 40153K [0x03a00000, 0x06920000, 0x18f50000)
  eden space 38656K, 100% used [0x03a00000, 0x05fc0000, 0x05fc0000)
  from space 4800K,  31% used [0x05fc0000, 0x06136780, 0x06470000)
  to   space 4800K,   0% used [0x06470000, 0x06470000, 0x06920000)
 tenured generation   total 96332K, used 57961K [0x18f50000, 0x1ed63000, 0x43a00000)
   the space 96332K,  60% used [0x18f50000, 0x1c7ea410, 0x1c7ea600, 0x1ed63000)
 compacting perm gen  total 32512K, used 32499K [0x43a00000, 0x459c0000, 0x53a00000)
   the space 32512K,  99% used [0x43a00000, 0x459bcd78, 0x459bce00, 0x459c0000)
No shared spaces configured.
Event: 6288.765 GC heap after
Heap after GC invocations=196 (full 16):
 def new generation   total 43456K, used 4800K [0x03a00000, 0x06920000, 0x18f50000)
  eden space 38656K,   0% used [0x03a00000, 0x03a00000, 0x05fc0000)
  from space 4800K, 100% used [0x06470000, 0x06920000, 0x06920000)
  to   space 4800K,   0% used [0x05fc0000, 0x05fc0000, 0x06470000)
 tenured generation   total 96332K, used 58372K [0x18f50000, 0x1ed63000, 0x43a00000)
   the space 96332K,  60% used [0x18f50000, 0x1c851168, 0x1c851200, 0x1ed63000)
 compacting perm gen  total 32512K, used 32499K [0x43a00000, 0x459c0000, 0x53a00000)
   the space 32512K,  99% used [0x43a00000, 0x459bcd78, 0x459bce00, 0x459c0000)
No shared spaces configured.
}
Event: 6290.107 GC heap before
{Heap before GC invocations=196 (full 16):
 def new generation   total 43456K, used 43426K [0x03a00000, 0x06920000, 0x18f50000)
  eden space 38656K,  99% used [0x03a00000, 0x05fb89b0, 0x05fc0000)
  from space 4800K, 100% used [0x06470000, 0x06920000, 0x06920000)
  to   space 4800K,   0% used [0x05fc0000, 0x05fc0000, 0x06470000)
 tenured generation   total 96332K, used 58372K [0x18f50000, 0x1ed63000, 0x43a00000)
   the space 96332K,  60% used [0x18f50000, 0x1c851168, 0x1c851200, 0x1ed63000)
 compacting perm gen  total 32512K, used 32499K [0x43a00000, 0x459c0000, 0x53a00000)
   the space 32512K,  99% used [0x43a00000, 0x459bcda8, 0x459bce00, 0x459c0000)
No shared spaces configured.
Event: 6290.140 GC heap after
Heap after GC invocations=197 (full 16):
 def new generation   total 43456K, used 4800K [0x03a00000, 0x06920000, 0x18f50000)
  eden space 38656K,   0% used [0x03a00000, 0x03a00000, 0x05fc0000)
  from space 4800K, 100% used [0x05fc0000, 0x06470000, 0x06470000)
  to   space 4800K,   0% used [0x06470000, 0x06470000, 0x06920000)
 tenured generation   total 96332K, used 65919K [0x18f50000, 0x1ed63000, 0x43a00000)
   the space 96332K,  68% used [0x18f50000, 0x1cfaff30, 0x1cfb0000, 0x1ed63000)
 compacting perm gen  total 32512K, used 32499K [0x43a00000, 0x459c0000, 0x53a00000)
   the space 32512K,  99% used [0x43a00000, 0x459bcda8, 0x459bce00, 0x459c0000)
No shared spaces configured.
}
Event: 6290.586 GC heap before
{Heap before GC invocations=197 (full 16):
 def new generation   total 43456K, used 43456K [0x03a00000, 0x06920000, 0x18f50000)
  eden space 38656K, 100% used [0x03a00000, 0x05fc0000, 0x05fc0000)
  from space 4800K, 100% used [0x05fc0000, 0x06470000, 0x06470000)
  to   space 4800K,   0% used [0x06470000, 0x06470000, 0x06920000)
 tenured generation   total 96332K, used 65919K [0x18f50000, 0x1ed63000, 0x43a00000)
   the space 96332K,  68% used [0x18f50000, 0x1cfaff30, 0x1cfb0000, 0x1ed63000)
 compacting perm gen  total 32512K, used 32499K [0x43a00000, 0x459c0000, 0x53a00000)
   the space 32512K,  99% used [0x43a00000, 0x459bcda8, 0x459bce00, 0x459c0000)
No shared spaces configured.
Event: 6290.638 GC heap after
Heap after GC invocations=198 (full 16):
 def new generation   total 43456K, used 4800K [0x03a00000, 0x06920000, 0x18f50000)
  eden space 38656K,   0% used [0x03a00000, 0x03a00000, 0x05fc0000)
  from space 4800K, 100% used [0x06470000, 0x06920000, 0x06920000)
  to   space 4800K,   0% used [0x05fc0000, 0x05fc0000, 0x06470000)
 tenured generation   total 96332K, used 73927K [0x18f50000, 0x1ed63000, 0x43a00000)
   the space 96332K,  76% used [0x18f50000, 0x1d781da0, 0x1d781e00, 0x1ed63000)
 compacting perm gen  total 32512K, used 32499K [0x43a00000, 0x459c0000, 0x53a00000)
   the space 32512K,  99% used [0x43a00000, 0x459bcda8, 0x459bce00, 0x459c0000)
No shared spaces configured.
}
Event: 6297.821 GC heap before
{Heap before GC invocations=198 (full 16):
 def new generation   total 43456K, used 38610K [0x03a00000, 0x06920000, 0x18f50000)
  eden space 38656K,  87% used [0x03a00000, 0x05b04af0, 0x05fc0000)
  from space 4800K, 100% used [0x06470000, 0x06920000, 0x06920000)
  to   space 4800K,   0% used [0x05fc0000, 0x05fc0000, 0x06470000)
 tenured generation   total 96332K, used 73927K [0x18f50000, 0x1ed63000, 0x43a00000)
   the space 96332K,  76% used [0x18f50000, 0x1d781da0, 0x1d781e00, 0x1ed63000)
 compacting perm gen  total 32512K, used 32502K [0x43a00000, 0x459c0000, 0x53a00000)
   the space 32512K,  99% used [0x43a00000, 0x459bdb40, 0x459bdc00, 0x459c0000)
No shared spaces configured.
Event: 6298.053 GC heap after
Heap after GC invocations=199 (full 17):
 def new generation   total 43456K, used 0K [0x03a00000, 0x06920000, 0x18f50000)
  eden space 38656K,   0% used [0x03a00000, 0x03a00000, 0x05fc0000)
  from space 4800K,   0% used [0x06470000, 0x06470000, 0x06920000)
  to   space 4800K,   0% used [0x05fc0000, 0x05fc0000, 0x06470000)
 tenured generation   total 96332K, used 38421K [0x18f50000, 0x1ed63000, 0x43a00000)
   the space 96332K,  39% used [0x18f50000, 0x1b4d54a0, 0x1b4d5600, 0x1ed63000)
 compacting perm gen  total 32512K, used 32502K [0x43a00000, 0x459c0000, 0x53a00000)
   the space 32512K,  99% used [0x43a00000, 0x459bdb40, 0x459bdc00, 0x459c0000)
No shared spaces configured.
}

